{"C:\\Users\\mmoor\\Programming\\grocery_list_http\\src\\groceryListFileDAO.js": {"path":"C:\\Users\\mmoor\\Programming\\grocery_list_http\\src\\groceryListFileDAO.js","statementMap":{"0":{"start":{"line":1,"column":11},"end":{"line":1,"column":24}},"1":{"start":{"line":3,"column":15},"end":{"line":3,"column":32}},"2":{"start":{"line":6,"column":21},"end":{"line":6,"column":64}},"3":{"start":{"line":10,"column":27},"end":{"line":10,"column":53}},"4":{"start":{"line":13,"column":24},"end":{"line":13,"column":33}},"5":{"start":{"line":16,"column":35},"end":{"line":16,"column":53}},"6":{"start":{"line":19,"column":35},"end":{"line":19,"column":67}},"7":{"start":{"line":21,"column":4},"end":{"line":21,"column":29}},"8":{"start":{"line":23,"column":4},"end":{"line":23,"column":65}},"9":{"start":{"line":27,"column":35},"end":{"line":27,"column":61}},"10":{"start":{"line":30,"column":24},"end":{"line":30,"column":33}},"11":{"start":{"line":33,"column":24},"end":{"line":33,"column":46}},"12":{"start":{"line":36,"column":4},"end":{"line":36,"column":52}},"13":{"start":{"line":38,"column":4},"end":{"line":38,"column":29}},"14":{"start":{"line":40,"column":4},"end":{"line":40,"column":50}},"15":{"start":{"line":46,"column":24},"end":{"line":46,"column":33}},"16":{"start":{"line":48,"column":25},"end":{"line":48,"column":47}},"17":{"start":{"line":51,"column":29},"end":{"line":51,"column":61}},"18":{"start":{"line":53,"column":4},"end":{"line":53,"column":29}},"19":{"start":{"line":55,"column":4},"end":{"line":55,"column":48}},"20":{"start":{"line":60,"column":28},"end":{"line":60,"column":55}},"21":{"start":{"line":63,"column":4},"end":{"line":63,"column":46}},"22":{"start":{"line":66,"column":0},"end":{"line":66,"column":62}}},"fnMap":{"0":{"name":"getList","decl":{"start":{"line":6,"column":9},"end":{"line":6,"column":16}},"loc":{"start":{"line":6,"column":19},"end":{"line":6,"column":66}},"line":6},"1":{"name":"createItem","decl":{"start":{"line":8,"column":9},"end":{"line":8,"column":19}},"loc":{"start":{"line":8,"column":36},"end":{"line":24,"column":1}},"line":8},"2":{"name":"putItem","decl":{"start":{"line":26,"column":9},"end":{"line":26,"column":16}},"loc":{"start":{"line":26,"column":42},"end":{"line":41,"column":1}},"line":26},"3":{"name":"deleteItem","decl":{"start":{"line":43,"column":9},"end":{"line":43,"column":19}},"loc":{"start":{"line":43,"column":29},"end":{"line":56,"column":1}},"line":43},"4":{"name":"writeToFile","decl":{"start":{"line":58,"column":9},"end":{"line":58,"column":20}},"loc":{"start":{"line":58,"column":34},"end":{"line":64,"column":1}},"line":58}},"branchMap":{},"s":{"0":1,"1":1,"2":4,"3":1,"4":1,"5":1,"6":1,"7":1,"8":1,"9":1,"10":1,"11":1,"12":1,"13":1,"14":1,"15":1,"16":1,"17":1,"18":1,"19":1,"20":3,"21":3,"22":1},"f":{"0":4,"1":1,"2":1,"3":1,"4":3},"b":{},"_coverageSchema":"1a1c01bbd47fc00a2c39e90264f33305004495a9","hash":"ec850ef6dfc9585ecac00fa82f6e22fdb5a81ae9"}
}
