{"C:\\Users\\mmoor\\Programming\\grocery_list_http\\src\\handlerfuncs.js": {"path":"C:\\Users\\mmoor\\Programming\\grocery_list_http\\src\\handlerfuncs.js","statementMap":{"0":{"start":{"line":2,"column":21},"end":{"line":2,"column":41}},"1":{"start":{"line":3,"column":4},"end":{"line":3,"column":20}},"2":{"start":{"line":7,"column":20},"end":{"line":7,"column":40}},"3":{"start":{"line":8,"column":29},"end":{"line":8,"column":47}},"4":{"start":{"line":9,"column":29},"end":{"line":9,"column":54}},"5":{"start":{"line":11,"column":4},"end":{"line":11,"column":53}},"6":{"start":{"line":15,"column":28},"end":{"line":15,"column":48}},"7":{"start":{"line":18,"column":24},"end":{"line":18,"column":46}},"8":{"start":{"line":19,"column":4},"end":{"line":19,"column":45}},"9":{"start":{"line":21,"column":4},"end":{"line":21,"column":50}},"10":{"start":{"line":27,"column":29},"end":{"line":27,"column":47}},"11":{"start":{"line":28,"column":4},"end":{"line":28,"column":37}},"12":{"start":{"line":29,"column":29},"end":{"line":29,"column":47}},"13":{"start":{"line":31,"column":4},"end":{"line":31,"column":47}},"14":{"start":{"line":34,"column":0},"end":{"line":34,"column":62}}},"fnMap":{"0":{"name":"getList","decl":{"start":{"line":1,"column":9},"end":{"line":1,"column":16}},"loc":{"start":{"line":1,"column":23},"end":{"line":4,"column":1}},"line":1},"1":{"name":"createItem","decl":{"start":{"line":6,"column":9},"end":{"line":6,"column":19}},"loc":{"start":{"line":6,"column":39},"end":{"line":12,"column":1}},"line":6},"2":{"name":"putItem","decl":{"start":{"line":14,"column":9},"end":{"line":14,"column":16}},"loc":{"start":{"line":14,"column":45},"end":{"line":22,"column":1}},"line":14},"3":{"name":"deleteItem","decl":{"start":{"line":24,"column":9},"end":{"line":24,"column":19}},"loc":{"start":{"line":24,"column":42},"end":{"line":32,"column":1}},"line":24}},"branchMap":{},"s":{"0":1,"1":1,"2":1,"3":1,"4":1,"5":1,"6":1,"7":1,"8":1,"9":1,"10":1,"11":1,"12":1,"13":1,"14":1},"f":{"0":1,"1":1,"2":1,"3":1},"b":{},"_coverageSchema":"1a1c01bbd47fc00a2c39e90264f33305004495a9","hash":"9d27343758c0900af95ac412c337b10ea6df42aa"}
}
